mkdir: das Verzeichnis „schritt-01“ kann nicht angelegt werden: Die Datei existiert bereits
mkdir: das Verzeichnis „loesung-06“ kann nicht angelegt werden: Die Datei existiert bereits
11201
205309590.html korrekt
209416000.html korrekt
211112160.html korrekt
211172020.html korrekt
211172030.html korrekt
211185750.html korrekt
211200300.html korrekt
211205970.html korrekt
211208720.html korrekt
211215500.html korrekt
211220820.html korrekt
211220870.html korrekt
211220910.html korrekt
211221570.html korrekt
211223550.html korrekt
211224430.html korrekt
211225920.html korrekt
211225940.html korrekt
211228220.html korrekt
211228510.html korrekt
211233660.html korrekt
211235220.html korrekt
211253400.html korrekt
211282710.html korrekt
211290770.html korrekt
211294410.html korrekt
211411980.html korrekt
211472070.html korrekt
211472890.html korrekt
211523490.html korrekt
211523910.html korrekt
211526910.html korrekt
211526930.html korrekt
211537690.html korrekt
211540110.html korrekt
211546860.html korrekt
211576900.html korrekt
211588610.html korrekt
211590050.html korrekt
211591090.html korrekt
211595610.html korrekt
211599340.html korrekt
211604180.html korrekt
211634880.html korrekt
211639000.html korrekt
211658290.html korrekt
211718100.html korrekt
211812980.html korrekt
218257000.html korrekt
218384000.html korrekt
218709000.html korrekt
218728000.html korrekt
219023842.html korrekt
219025273.html korrekt
219285000.html korrekt
224091000.html korrekt
229801000.html korrekt
244030073.html korrekt
244875000.html korrekt
247441100.html korrekt
253336000.html korrekt
253618000.html korrekt
255805652.html korrekt
256171000.html korrekt
257881000.html korrekt
277336000.html korrekt
304081024.html korrekt
304407000.html korrekt
304829000.html korrekt
305162000.html korrekt
305544000.html korrekt
311000458.html korrekt
477737100.html korrekt
563907000.html korrekt
index.html korrekt
Deine Lösung ist korrekt
mkdir: das Verzeichnis „schritt-01“ kann nicht angelegt werden: Die Datei existiert bereits
mkdir: das Verzeichnis „loesung-06“ kann nicht angelegt werden: Die Datei existiert bereits
10864
205309590.html korrekt
209416000.html korrekt
211112160.html korrekt
211172020.html korrekt
211172030.html korrekt
211185750.html korrekt
211200300.html korrekt
211205970.html korrekt
211208720.html korrekt
211215500.html korrekt
211220820.html korrekt
211220870.html korrekt
211220910.html korrekt
211221570.html korrekt
211223550.html korrekt
211224430.html korrekt
211225920.html korrekt
211225940.html korrekt
211228220.html korrekt
211228510.html korrekt
211233660.html korrekt
211235220.html korrekt
211253400.html korrekt
211282710.html korrekt
211290770.html korrekt
211294410.html korrekt
211411980.html korrekt
211472070.html korrekt
211472890.html korrekt
211523490.html korrekt
211523910.html korrekt
211526910.html korrekt
211526930.html korrekt
211537690.html korrekt
211540110.html korrekt
211546860.html korrekt
211576900.html korrekt
211588610.html korrekt
211590050.html korrekt
211591090.html korrekt
211595610.html korrekt
211599340.html korrekt
211604180.html korrekt
211634880.html korrekt
211639000.html korrekt
211658290.html korrekt
211718100.html korrekt
211812980.html korrekt
218257000.html korrekt
218384000.html korrekt
218709000.html korrekt
218728000.html korrekt
219023842.html korrekt
219025273.html korrekt
219285000.html korrekt
224091000.html korrekt
229801000.html korrekt
244030073.html korrekt
244875000.html korrekt
247441100.html korrekt
253336000.html korrekt
253618000.html korrekt
255805652.html korrekt
256171000.html korrekt
257881000.html korrekt
277336000.html korrekt
304081024.html korrekt
304407000.html korrekt
304829000.html korrekt
305162000.html korrekt
305544000.html korrekt
311000458.html korrekt
477737100.html korrekt
563907000.html korrekt
index.html korrekt
Deine Lösung ist korrekt
mkdir: das Verzeichnis „schritt-01“ kann nicht angelegt werden: Die Datei existiert bereits
mkdir: das Verzeichnis „loesung-06“ kann nicht angelegt werden: Die Datei existiert bereits
10695
205309590.html korrekt
209416000.html korrekt
211112160.html korrekt
211172020.html korrekt
211172030.html korrekt
211185750.html korrekt
211200300.html korrekt
211205970.html korrekt
211208720.html korrekt
211215500.html korrekt
211220820.html korrekt
211220870.html korrekt
211220910.html korrekt
211221570.html korrekt
211223550.html korrekt
211224430.html korrekt
211225920.html korrekt
211225940.html korrekt
211228220.html korrekt
211228510.html korrekt
211233660.html korrekt
211235220.html korrekt
211253400.html korrekt
211282710.html korrekt
211290770.html korrekt
211294410.html korrekt
211411980.html korrekt
211472070.html korrekt
211472890.html korrekt
211523490.html korrekt
211523910.html korrekt
211526910.html korrekt
211526930.html korrekt
211537690.html korrekt
211540110.html korrekt
211546860.html korrekt
211576900.html korrekt
211588610.html korrekt
211590050.html korrekt
211591090.html korrekt
211595610.html korrekt
211599340.html korrekt
211604180.html korrekt
211634880.html korrekt
211639000.html korrekt
211658290.html korrekt
211718100.html korrekt
211812980.html korrekt
218257000.html korrekt
218384000.html korrekt
218709000.html korrekt
218728000.html korrekt
219023842.html korrekt
219025273.html korrekt
219285000.html korrekt
224091000.html korrekt
229801000.html korrekt
244030073.html korrekt
244875000.html korrekt
247441100.html korrekt
253336000.html korrekt
253618000.html korrekt
255805652.html korrekt
256171000.html korrekt
257881000.html korrekt
277336000.html korrekt
304081024.html korrekt
304407000.html korrekt
304829000.html korrekt
305162000.html korrekt
305544000.html korrekt
311000458.html korrekt
477737100.html korrekt
563907000.html korrekt
index.html korrekt
Deine Lösung ist korrekt
